[debug] [2021-12-02T03:54:43.180Z] ----------------------------------------------------------------------
[debug] [2021-12-02T03:54:43.182Z] Command:       E:\Apps\Nodejs\node.exe C:\Users\khuongduy354\AppData\Roaming\npm\node_modules\firebase-tools\lib\bin\firebase.js deploy --debug
[debug] [2021-12-02T03:54:43.183Z] CLI Version:   9.20.0
[debug] [2021-12-02T03:54:43.183Z] Platform:      win32
[debug] [2021-12-02T03:54:43.183Z] Node Version:  v14.17.1
[debug] [2021-12-02T03:54:43.184Z] Time:          Thu Dec 02 2021 10:54:43 GMT+0700 (Indochina Time)
[debug] [2021-12-02T03:54:43.184Z] ----------------------------------------------------------------------
[debug] 
[debug] [2021-12-02T03:54:43.188Z] >>> [apiv2][query] GET https://firebase-public.firebaseio.com/cli.json [none]
[debug] [2021-12-02T03:54:43.310Z] > command requires scopes: ["email","openid","https://www.googleapis.com/auth/cloudplatformprojects.readonly","https://www.googleapis.com/auth/firebase","https://www.googleapis.com/auth/cloud-platform"]
[debug] [2021-12-02T03:54:43.311Z] > authorizing via signed-in user (khuongduy354@gmail.com)
[debug] [2021-12-02T03:54:43.311Z] [iam] checking project chess-club-d527d for permissions ["firebase.projects.get","firebasehosting.sites.update"]
[debug] [2021-12-02T03:54:43.314Z] > refreshing access token with scopes: ["email","https://www.googleapis.com/auth/cloud-platform","https://www.googleapis.com/auth/cloudplatformprojects.readonly","https://www.googleapis.com/auth/firebase","openid"]
[debug] [2021-12-02T03:54:43.316Z] >>> HTTP REQUEST POST https://www.googleapis.com/oauth2/v3/token  
 <request body omitted>
[debug] [2021-12-02T03:54:43.819Z] <<< HTTP RESPONSE 200 {"date":"Thu, 02 Dec 2021 03:54:42 GMT","cache-control":"no-cache, no-store, max-age=0, must-revalidate","expires":"Mon, 01 Jan 1990 00:00:00 GMT","pragma":"no-cache","content-type":"application/json; charset=utf-8","vary":"X-Origin, Referer, Origin,Accept-Encoding","server":"scaffolding on HTTPServer2","x-xss-protection":"0","x-frame-options":"SAMEORIGIN","x-content-type-options":"nosniff","alt-svc":"h3=\":443\"; ma=2592000,h3-29=\":443\"; ma=2592000,h3-Q050=\":443\"; ma=2592000,h3-Q046=\":443\"; ma=2592000,h3-Q043=\":443\"; ma=2592000,quic=\":443\"; ma=2592000; v=\"46,43\"","accept-ranges":"none","transfer-encoding":"chunked"}
[debug] [2021-12-02T03:54:43.866Z] >>> HTTP REQUEST POST https://cloudresourcemanager.googleapis.com/v1/projects/chess-club-d527d:testIamPermissions  
 {"permissions":["firebase.projects.get","firebasehosting.sites.update"]}
[debug] [2021-12-02T03:54:44.305Z] <<< [apiv2][status] GET https://firebase-public.firebaseio.com/cli.json 200
[debug] [2021-12-02T03:54:44.307Z] <<< [apiv2][body] GET https://firebase-public.firebaseio.com/cli.json {"cloudBuildErrorAfter":1594252800000,"cloudBuildWarnAfter":1590019200000,"defaultNode10After":1594252800000,"minVersion":"3.0.5","node8DeploysDisabledAfter":1613390400000,"node8RuntimeDisabledAfter":1615809600000,"node8WarnAfter":1600128000000}
[debug] [2021-12-02T03:54:45.117Z] <<< HTTP RESPONSE 200 {"content-type":"application/json; charset=UTF-8","vary":"X-Origin, Referer, Origin,Accept-Encoding","date":"Thu, 02 Dec 2021 03:54:43 GMT","server":"ESF","cache-control":"private","x-xss-protection":"0","x-frame-options":"SAMEORIGIN","x-content-type-options":"nosniff","server-timing":"gfet4t7; dur=818","alt-svc":"h3=\":443\"; ma=2592000,h3-29=\":443\"; ma=2592000,h3-Q050=\":443\"; ma=2592000,h3-Q046=\":443\"; ma=2592000,h3-Q043=\":443\"; ma=2592000,quic=\":443\"; ma=2592000; v=\"46,43\"","accept-ranges":"none","transfer-encoding":"chunked"}
[debug] [2021-12-02T03:54:45.123Z] > refreshing access token with scopes: []
[debug] [2021-12-02T03:54:45.125Z] >>> HTTP REQUEST POST https://www.googleapis.com/oauth2/v3/token  
 <request body omitted>
[debug] [2021-12-02T03:54:45.414Z] <<< HTTP RESPONSE 200 {"cache-control":"no-cache, no-store, max-age=0, must-revalidate","expires":"Mon, 01 Jan 1990 00:00:00 GMT","pragma":"no-cache","date":"Thu, 02 Dec 2021 03:54:43 GMT","content-type":"application/json; charset=utf-8","vary":"X-Origin, Referer, Origin,Accept-Encoding","server":"scaffolding on HTTPServer2","x-xss-protection":"0","x-frame-options":"SAMEORIGIN","x-content-type-options":"nosniff","alt-svc":"h3=\":443\"; ma=2592000,h3-29=\":443\"; ma=2592000,h3-Q050=\":443\"; ma=2592000,h3-Q046=\":443\"; ma=2592000,h3-Q043=\":443\"; ma=2592000,quic=\":443\"; ma=2592000; v=\"46,43\"","accept-ranges":"none","transfer-encoding":"chunked"}
[debug] [2021-12-02T03:54:45.462Z] >>> [apiv2][query] GET https://firebase.googleapis.com/v1beta1/projects/chess-club-d527d [none]
[debug] [2021-12-02T03:54:46.053Z] <<< [apiv2][status] GET https://firebase.googleapis.com/v1beta1/projects/chess-club-d527d 200
[debug] [2021-12-02T03:54:46.055Z] <<< [apiv2][body] GET https://firebase.googleapis.com/v1beta1/projects/chess-club-d527d {"projectId":"chess-club-d527d","projectNumber":"661076102089","displayName":"chess-club","name":"projects/chess-club-d527d","resources":{"hostingSite":"chess-club-d527d"},"state":"ACTIVE"}
[info] 
[info] === Deploying to 'chess-club-d527d'...
[info] 
[info] i  deploying hosting 
[debug] [2021-12-02T03:54:46.070Z] > refreshing access token with scopes: ["email","https://www.googleapis.com/auth/cloud-platform","https://www.googleapis.com/auth/cloudplatformprojects.readonly","https://www.googleapis.com/auth/firebase","openid"]
[debug] [2021-12-02T03:54:46.072Z] >>> HTTP REQUEST POST https://www.googleapis.com/oauth2/v3/token  
 <request body omitted>
[debug] [2021-12-02T03:54:46.576Z] <<< HTTP RESPONSE 200 {"pragma":"no-cache","cache-control":"no-cache, no-store, max-age=0, must-revalidate","date":"Thu, 02 Dec 2021 03:54:45 GMT","expires":"Mon, 01 Jan 1990 00:00:00 GMT","content-type":"application/json; charset=utf-8","vary":"X-Origin, Referer, Origin,Accept-Encoding","server":"scaffolding on HTTPServer2","x-xss-protection":"0","x-frame-options":"SAMEORIGIN","x-content-type-options":"nosniff","alt-svc":"h3=\":443\"; ma=2592000,h3-29=\":443\"; ma=2592000,h3-Q050=\":443\"; ma=2592000,h3-Q046=\":443\"; ma=2592000,h3-Q043=\":443\"; ma=2592000,quic=\":443\"; ma=2592000; v=\"46,43\"","accept-ranges":"none","transfer-encoding":"chunked"}
[debug] [2021-12-02T03:54:46.615Z] >>> HTTP REQUEST POST https://firebasehosting.googleapis.com/v1beta1/sites/chess-club-d527d/versions  
 {"config":{},"labels":{"deployment-tool":"cli-firebase"}}
[debug] [2021-12-02T03:54:48.599Z] <<< HTTP RESPONSE 200 {"content-type":"application/json; charset=UTF-8","vary":"X-Origin, Referer, Origin,Accept-Encoding","date":"Thu, 02 Dec 2021 03:54:46 GMT","server":"ESF","cache-control":"private","x-xss-protection":"0","x-frame-options":"SAMEORIGIN","x-content-type-options":"nosniff","alt-svc":"h3=\":443\"; ma=2592000,h3-29=\":443\"; ma=2592000,h3-Q050=\":443\"; ma=2592000,h3-Q046=\":443\"; ma=2592000,h3-Q043=\":443\"; ma=2592000,quic=\":443\"; ma=2592000; v=\"46,43\"","accept-ranges":"none","transfer-encoding":"chunked"}
[info] i  hosting[chess-club-d527d]: beginning deploy... 
[info] i  hosting[chess-club-d527d]: found 15 files in build 
[debug] [2021-12-02T03:54:48.664Z] > refreshing access token with scopes: []
[debug] [2021-12-02T03:54:48.665Z] >>> HTTP REQUEST POST https://www.googleapis.com/oauth2/v3/token  
 <request body omitted>
[debug] [2021-12-02T03:54:48.671Z] [hosting] hash cache [YnVpbGQ] stored for 15 files
[debug] [2021-12-02T03:54:48.673Z] [hosting][hash queue][FINAL] {"max":3,"min":0,"avg":0,"active":0,"complete":15,"success":15,"errored":0,"retried":0,"total":15,"elapsed":14}
[debug] [2021-12-02T03:54:49.124Z] <<< HTTP RESPONSE 200 {"expires":"Mon, 01 Jan 1990 00:00:00 GMT","date":"Thu, 02 Dec 2021 03:54:47 GMT","cache-control":"no-cache, no-store, max-age=0, must-revalidate","pragma":"no-cache","content-type":"application/json; charset=utf-8","vary":"X-Origin, Referer, Origin,Accept-Encoding","server":"scaffolding on HTTPServer2","x-xss-protection":"0","x-frame-options":"SAMEORIGIN","x-content-type-options":"nosniff","alt-svc":"h3=\":443\"; ma=2592000,h3-29=\":443\"; ma=2592000,h3-Q050=\":443\"; ma=2592000,h3-Q046=\":443\"; ma=2592000,h3-Q043=\":443\"; ma=2592000,quic=\":443\"; ma=2592000; v=\"46,43\"","accept-ranges":"none","transfer-encoding":"chunked"}
[debug] [2021-12-02T03:54:49.158Z] >>> [apiv2][query] POST https://firebasehosting.googleapis.com/v1beta1/sites/chess-club-d527d/versions/f97072b88d81a104:populateFiles [none]
[debug] [2021-12-02T03:54:49.160Z] >>> [apiv2][body] POST https://firebasehosting.googleapis.com/v1beta1/sites/chess-club-d527d/versions/f97072b88d81a104:populateFiles {"files":{"/404.html":"daa499dd96d8229e73235345702ba32f0793f0c8e5c0d30e40e37a5872be57aa","/asset-manifest.json":"96ee5c7ca34c3b9f6aed6f7c30efbe7c8034dfdb05071c80f164ee9ce4922955","/index.html":"8567ac06503623157c0b5c9a835dec2d00dd225efd876b8a566f6e862c46fd2f","/manifest.json":"aff3449bdc238776f5d6d967f19ec491b36aed5fb7f23ccff6500736fd58494a","/robots.txt":"bfe106a3fb878dc83461c86818bf74fc1bdc7f28538ba613cd3e775516ce8b49","/stockfish.js":"5c5b77e99b23929896b2ed27a20e22e174638ddc3f51a26c9fe0b7a5b396d1f5","/static/css/main.8c8b27cf.chunk.css":"850bc16f7678f79f886c9febec0b79034002882ca68aeb13470b574d81dac66a","/static/css/main.8c8b27cf.chunk.css.map":"4328ed535cb7dddf41685d7de12d64bd6864c881392ce1c400e9cbeb8a7e6b82","/static/js/2.a1701994.chunk.js":"ba4076c99e152a0bb1b117e3db3302492489a6cc7bbe28ba43d8c5869ecc0f13","/static/js/2.a1701994.chunk.js.LICENSE.txt":"9123a7ac855085e30b3320cc31969baead823d0995a76c56353ce1ad9f3e724f","/static/js/2.a1701994.chunk.js.map":"9c5dc470569e0162098f1c4fa6ffdd0118edb016274e4aa7b594cb0e99191833","/static/js/main.a96b8958.chunk.js":"215abb68a660e016a5e4d70c6937e006130b6081119d9664f5dab9efcc189545","/static/js/main.a96b8958.chunk.js.map":"ddf5ce01f2459c39cb071a9d0321a28b954684958e50d166e3d46bc515c6f6b2","/static/js/runtime-main.09b992ab.js":"075e29c096e9cd29f393304045b28e6ec15ceb527e21f72e911a10b7c7936dcd","/static/js/runtime-main.09b992ab.js.map":"187e6ff6e39cdd61da337be569ea975c201b8452b49b9ac26739b6a3e813ba4a"}}
[info] i  hosting: adding files to version [0/15] (0%) 
[debug] [2021-12-02T03:54:50.757Z] <<< [apiv2][status] POST https://firebasehosting.googleapis.com/v1beta1/sites/chess-club-d527d/versions/f97072b88d81a104:populateFiles 200
[debug] [2021-12-02T03:54:50.759Z] <<< [apiv2][body] POST https://firebasehosting.googleapis.com/v1beta1/sites/chess-club-d527d/versions/f97072b88d81a104:populateFiles {"uploadUrl":"https://upload-firebasehosting.googleapis.com/upload/sites/chess-club-d527d/versions/f97072b88d81a104/files"}
[debug] [2021-12-02T03:54:50.761Z] [hosting][populate queue][FINAL] {"max":2097,"min":2097,"avg":2097,"active":0,"complete":1,"success":1,"errored":0,"retried":0,"total":1,"elapsed":2097}
[debug] [2021-12-02T03:54:50.763Z] [hosting] uploads queued: 0
[debug] [2021-12-02T03:54:50.765Z] [hosting][upload queue][FINAL] {"max":0,"min":9999999999,"avg":0,"active":0,"complete":0,"success":0,"errored":0,"retried":0,"total":0,"elapsed":1638417290765}
[info] +  hosting[chess-club-d527d]: file upload complete 
[debug] [2021-12-02T03:54:50.768Z] [hosting] deploy completed after 2160ms
[debug] [2021-12-02T03:54:50.775Z] [
  {
    "config": {
      "public": "build",
      "ignore": [
        "firebase.json",
        "**/.*",
        "**/node_modules/**"
      ],
      "site": "chess-club-d527d"
    },
    "site": "chess-club-d527d",
    "version": "sites/chess-club-d527d/versions/f97072b88d81a104"
  }
]
[info] i  hosting[chess-club-d527d]: finalizing version... 
[debug] [2021-12-02T03:54:50.783Z] > refreshing access token with scopes: ["email","https://www.googleapis.com/auth/cloud-platform","https://www.googleapis.com/auth/cloudplatformprojects.readonly","https://www.googleapis.com/auth/firebase","openid"]
[debug] [2021-12-02T03:54:50.786Z] >>> HTTP REQUEST POST https://www.googleapis.com/oauth2/v3/token  
 <request body omitted>
[debug] [2021-12-02T03:54:51.279Z] <<< HTTP RESPONSE 200 {"pragma":"no-cache","date":"Thu, 02 Dec 2021 03:54:49 GMT","expires":"Mon, 01 Jan 1990 00:00:00 GMT","cache-control":"no-cache, no-store, max-age=0, must-revalidate","content-type":"application/json; charset=utf-8","vary":"X-Origin, Referer, Origin,Accept-Encoding","server":"scaffolding on HTTPServer2","x-xss-protection":"0","x-frame-options":"SAMEORIGIN","x-content-type-options":"nosniff","alt-svc":"h3=\":443\"; ma=2592000,h3-29=\":443\"; ma=2592000,h3-Q050=\":443\"; ma=2592000,h3-Q046=\":443\"; ma=2592000,h3-Q043=\":443\"; ma=2592000,quic=\":443\"; ma=2592000; v=\"46,43\"","accept-ranges":"none","transfer-encoding":"chunked"}
[debug] [2021-12-02T03:54:51.315Z] >>> HTTP REQUEST PATCH https://firebasehosting.googleapis.com/v1beta1/sites/chess-club-d527d/versions/f97072b88d81a104?updateMask=status  
 {"status":"FINALIZED"}
[debug] [2021-12-02T03:54:53.006Z] <<< HTTP RESPONSE 200 {"content-type":"application/json; charset=UTF-8","vary":"X-Origin, Referer, Origin,Accept-Encoding","date":"Thu, 02 Dec 2021 03:54:51 GMT","server":"ESF","cache-control":"private","x-xss-protection":"0","x-frame-options":"SAMEORIGIN","x-content-type-options":"nosniff","alt-svc":"h3=\":443\"; ma=2592000,h3-29=\":443\"; ma=2592000,h3-Q050=\":443\"; ma=2592000,h3-Q046=\":443\"; ma=2592000,h3-Q043=\":443\"; ma=2592000,quic=\":443\"; ma=2592000; v=\"46,43\"","accept-ranges":"none","transfer-encoding":"chunked"}
[debug] [2021-12-02T03:54:53.010Z] [hosting] finalized version for chess-club-d527d: {"name":"sites/chess-club-d527d/versions/f97072b88d81a104","status":"FINALIZED","config":{},"labels":{"deployment-tool":"cli-firebase"},"createTime":"2021-12-02T03:54:46.432232Z","createUser":{"email":"khuongduy354@gmail.com"},"finalizeTime":"2021-12-02T03:54:51.174033Z","finalizeUser":{"email":"khuongduy354@gmail.com"}}
[info] +  hosting[chess-club-d527d]: version finalized 
[info] i  hosting[chess-club-d527d]: releasing new version... 
[debug] [2021-12-02T03:54:53.015Z] >>> HTTP REQUEST POST https://firebasehosting.googleapis.com/v1beta1/sites/chess-club-d527d/releases?version_name=sites/chess-club-d527d/versions/f97072b88d81a104  
 {"message":null}
[debug] [2021-12-02T03:54:54.629Z] <<< HTTP RESPONSE 200 {"content-type":"application/json; charset=UTF-8","vary":"X-Origin, Referer, Origin,Accept-Encoding","date":"Thu, 02 Dec 2021 03:54:52 GMT","server":"ESF","cache-control":"private","x-xss-protection":"0","x-frame-options":"SAMEORIGIN","x-content-type-options":"nosniff","alt-svc":"h3=\":443\"; ma=2592000,h3-29=\":443\"; ma=2592000,h3-Q050=\":443\"; ma=2592000,h3-Q046=\":443\"; ma=2592000,h3-Q043=\":443\"; ma=2592000,quic=\":443\"; ma=2592000; v=\"46,43\"","accept-ranges":"none","transfer-encoding":"chunked"}
[debug] [2021-12-02T03:54:54.633Z] [hosting] release: {"name":"sites/chess-club-d527d/releases/1638417292372320","version":{"name":"sites/chess-club-d527d/versions/f97072b88d81a104","status":"FINALIZED","config":{},"labels":{"deployment-tool":"cli-firebase"},"createTime":"2021-12-02T03:54:46.432232Z","createUser":{"email":"khuongduy354@gmail.com"},"finalizeTime":"2021-12-02T03:54:51.174033Z","finalizeUser":{"email":"khuongduy354@gmail.com"}},"type":"DEPLOY","releaseTime":"2021-12-02T03:54:52.372320927Z","releaseUser":{"email":"khuongduy354@gmail.com"}}
[info] +  hosting[chess-club-d527d]: release complete 
[info] 
[info] +  Deploy complete! 
[info] 
[info] Project Console: https://console.firebase.google.com/project/chess-club-d527d/overview
[info] Hosting URL: https://chess-club-d527d.web.app
